<?xml version="1.0" encoding="UTF-8"?>
<testsuites name="jest tests" tests="2" failures="0" errors="0" time="1.319">
  <testsuite name="undefined" errors="0" failures="0" skipped="0" timestamp="2025-12-26T12:23:11" time="1.135" tests="1">
    <testcase classname=" suma 1+1" name=" suma 1+1" time="0.003">
    </testcase>
  </testsuite>
  <testsuite name="undefined" errors="0" failures="0" skipped="0" timestamp="2025-12-26T12:23:12" time="0.078" tests="1">
    <testcase classname=" test1" name=" test1" time="0">
    </testcase>
  </testsuite>
</testsuites>